#
# A fatal error has been detected by the Java Runtime Environment:
#
#  EXCEPTION_ACCESS_VIOLATION (0xc0000005) at pc=0x00000000724f0e4f, pid=8616, tid=0x0000000000004718
#
# JRE version: Java(TM) SE Runtime Environment (8.0_141-b15) (build 1.8.0_141-b15)
# Java VM: Java HotSpot(TM) 64-Bit Server VM (25.141-b15 mixed mode windows-amd64 compressed oops)
# Problematic frame:
# V  [jvm.dll+0x1e0e4f]
#
# Failed to write core dump. Minidumps are not enabled by default on client versions of Windows
#
# If you would like to submit a bug report, please visit:
#   http://bugreport.java.com/bugreport/crash.jsp
#

---------------  T H R E A D  ---------------

Current thread (0x0000000002ce1800):  JavaThread "main" [_thread_in_vm, id=18200, stack(0x0000000002ae0000,0x0000000002be0000)]

siginfo: ExceptionCode=0xc0000005, writing address 0x0000000023a75080

Registers:
RAX=0x0000000000000000, RBX=0x0000000002ce1800, RCX=0x0000000000000180, RDX=0x0000000002bdf188
RSP=0x0000000002bdf130, RBP=0x0000000023a75080, RSI=0x0000000000000000, RDI=0x0000000000000000
R8 =0x0000000000000000, R9 =0x0000000023a75080, R10=0x00000000033e9f95, R11=0x00000000033e9f58
R12=0x0000000000000000, R13=0x0000000002bdf1e0, R14=0x0000000002bdf270, R15=0x0000000002ce1800
RIP=0x00000000724f0e4f, EFLAGS=0x0000000000010246

Top of Stack: (sp=0x0000000002bdf130)
0x0000000002bdf130:   0000000002bdf130 00000000724f06a0
0x0000000002bdf140:   0000000002bdf180 000000001c0c8500
0x0000000002bdf150:   0000000002ee83fd 00000000033ea013
0x0000000002bdf160:   000000001c01a200 0000000002bdf1c0
0x0000000002bdf170:   0000000000000002 0000000002bdf1d0
0x0000000002bdf180:   00000000bd965b80 00000006c0c00818
0x0000000002bdf190:   0000000000000000 000000076ef10988
0x0000000002bdf1a0:   000000001c0a1060 0000000002bdf1e8
0x0000000002bdf1b0:   000000001c0a1200 0000000000000000
0x0000000002bdf1c0:   0000000002bdf248 0000000002ee83fd
0x0000000002bdf1d0:   0000000002bdf248 0000000002ee83fd
0x0000000002bdf1e0:   00000000bd965b80 0000000023a75080
0x0000000002bdf1f0:   0000000000000009 0000000000000000
0x0000000002bdf200:   00000006c0c00818 0000000002bdf208
0x0000000002bdf210:   000000002d814981 0000000002bdf270
0x0000000002bdf220:   000000002d820428 0000000000000000 

Instructions: (pc=0x00000000724f0e4f)
0x00000000724f0e2f:   48 8b cb e8 59 1e 06 00 c7 83 70 02 00 00 06 00
0x00000000724f0e3f:   00 00 48 85 f6 74 03 48 8b 3e f3 0f 10 44 24 50
0x00000000724f0e4f:   f3 0f 11 04 2f 48 8b 7b 48 48 8b 47 10 48 8b 77
0x00000000724f0e5f:   08 48 83 38 00 74 15 48 8b 57 28 48 8b ce e8 4e 


Register to memory mapping:

RAX=0x0000000000000000 is an unknown value
RBX=0x0000000002ce1800 is a thread
RCX=0x0000000000000180 is an unknown value
RDX=0x0000000002bdf188 is pointing into the stack for thread: 0x0000000002ce1800
RSP=0x0000000002bdf130 is pointing into the stack for thread: 0x0000000002ce1800
RBP=0x0000000023a75080 is an unknown value
RSI=0x0000000000000000 is an unknown value
RDI=0x0000000000000000 is an unknown value
R8 =0x0000000000000000 is an unknown value
R9 =0x0000000023a75080 is an unknown value
R10=0x00000000033e9f95 is at entry_point+85 in (nmethod*)0x00000000033e9dd0
R11=0x00000000033e9f58 is at entry_point+24 in (nmethod*)0x00000000033e9dd0
R12=0x0000000000000000 is an unknown value
R13=0x0000000002bdf1e0 is pointing into the stack for thread: 0x0000000002ce1800
R14=0x0000000002bdf270 is pointing into the stack for thread: 0x0000000002ce1800
R15=0x0000000002ce1800 is a thread


Stack: [0x0000000002ae0000,0x0000000002be0000],  sp=0x0000000002bdf130,  free space=1020k
Native frames: (J=compiled Java code, j=interpreted, Vv=VM code, C=native code)
V  [jvm.dll+0x1e0e4f]
C  0x00000000033ea013

Java frames: (J=compiled Java code, j=interpreted, Vv=VM code)
J 1049  sun.misc.Unsafe.putFloat(Ljava/lang/Object;JF)V (0 bytes) @ 0x00000000033e9f95 [0x00000000033e9f40+0x55]
j  org.joml.internal.MemUtil$MemUtilUnsafe.put(Lorg/joml/Vector3f;J)V+9
j  org.joml.internal.MemUtil$MemUtilUnsafe.put(Lorg/joml/Vector3f;ILjava/nio/FloatBuffer;)V+28
j  org.joml.Vector3f.get(ILjava/nio/FloatBuffer;)Ljava/nio/FloatBuffer;+6
j  learnopengl.util.Mesh.getVertexData()Ljava/nio/FloatBuffer;+149
j  learnopengl.util.Mesh.setupMesh()V+38
j  learnopengl.util.Mesh.<init>(Ljava/util/List;Ljava/util/List;Ljava/util/List;)V+20
j  learnopengl.util.Model.processMesh(Lorg/lwjgl/assimp/AIMesh;Lorg/lwjgl/assimp/AIScene;)Llearnopengl/util/Mesh;+484
j  learnopengl.util.Model.processNode(Lorg/lwjgl/assimp/AINode;Lorg/lwjgl/assimp/AIScene;)V+30
j  learnopengl.util.Model.processNode(Lorg/lwjgl/assimp/AINode;Lorg/lwjgl/assimp/AIScene;)V+79
j  learnopengl.util.Model.loadModel(Ljava/lang/String;)V+74
j  learnopengl.util.Model.<init>(Ljava/lang/String;Z)V+33
j  learnopengl.util.Model.<init>(Ljava/lang/String;)V+3
j  learnopengl.p3_model_loading.ModelLoading.main([Ljava/lang/String;)V+193
v  ~StubRoutines::call_stub

---------------  P R O C E S S  ---------------

Java Threads: ( => current thread )
  0x000000001f752000 JavaThread "Service Thread" daemon [_thread_blocked, id=2052, stack(0x00000000202b0000,0x00000000203b0000)]
  0x000000001f6ce000 JavaThread "C1 CompilerThread3" daemon [_thread_blocked, id=17316, stack(0x00000000201b0000,0x00000000202b0000)]
  0x000000001f6cd000 JavaThread "C2 CompilerThread2" daemon [_thread_blocked, id=10220, stack(0x00000000200b0000,0x00000000201b0000)]
  0x000000001f6c4000 JavaThread "C2 CompilerThread1" daemon [_thread_in_native, id=13100, stack(0x000000001ffb0000,0x00000000200b0000)]
  0x000000001f6c3800 JavaThread "C2 CompilerThread0" daemon [_thread_blocked, id=11676, stack(0x000000001feb0000,0x000000001ffb0000)]
  0x000000001e8aa000 JavaThread "JDWP Command Reader" daemon [_thread_in_native, id=6800, stack(0x000000001f5b0000,0x000000001f6b0000)]
  0x000000001e8a7000 JavaThread "JDWP Event Helper Thread" daemon [_thread_blocked, id=5496, stack(0x000000001f4b0000,0x000000001f5b0000)]
  0x000000001e89c800 JavaThread "JDWP Transport Listener: dt_socket" daemon [_thread_blocked, id=5372, stack(0x000000001f3b0000,0x000000001f4b0000)]
  0x000000001e893000 JavaThread "Attach Listener" daemon [_thread_blocked, id=13736, stack(0x000000001ef70000,0x000000001f070000)]
  0x000000001e891000 JavaThread "Signal Dispatcher" daemon [_thread_blocked, id=17596, stack(0x000000001ee70000,0x000000001ef70000)]
  0x000000001c994800 JavaThread "Finalizer" daemon [_thread_blocked, id=14416, stack(0x000000001ec60000,0x000000001ed60000)]
  0x000000001c98d800 JavaThread "Reference Handler" daemon [_thread_blocked, id=13636, stack(0x000000001e760000,0x000000001e860000)]
=>0x0000000002ce1800 JavaThread "main" [_thread_in_vm, id=18200, stack(0x0000000002ae0000,0x0000000002be0000)]

Other Threads:
  0x000000001c985800 VMThread [stack: 0x000000001e660000,0x000000001e760000] [id=13400]
  0x000000001ec5e800 WatcherThread [stack: 0x0000000020510000,0x0000000020610000] [id=4048]

VM state:not at safepoint (normal execution)

VM Mutex/Monitor currently owned by a thread: None

Heap:
 PSYoungGen      total 76288K, used 16097K [0x000000076af00000, 0x0000000770400000, 0x00000007c0000000)
  eden space 65536K, 15% used [0x000000076af00000,0x000000076b8c10e0,0x000000076ef00000)
  from space 10752K, 56% used [0x000000076ef00000,0x000000076f4f7698,0x000000076f980000)
  to   space 10752K, 0% used [0x000000076f980000,0x000000076f980000,0x0000000770400000)
 ParOldGen       total 175104K, used 16K [0x00000006c0c00000, 0x00000006cb700000, 0x000000076af00000)
  object space 175104K, 0% used [0x00000006c0c00000,0x00000006c0c04000,0x00000006cb700000)
 Metaspace       used 12869K, capacity 13137K, committed 13440K, reserved 1060864K
  class space    used 1031K, capacity 1112K, committed 1152K, reserved 1048576K

Card table byte_map: [0x00000000122a0000,0x0000000012aa0000] byte_map_base: 0x000000000ec9a000

Marking Bits: (ParMarkBitMap*) 0x0000000072b2d850
 Begin Bits: [0x0000000013800000, 0x00000000177d0000)
 End Bits:   [0x00000000177d0000, 0x000000001b7a0000)

Polling page: 0x0000000000f40000

CodeCache: size=245760Kb used=5276Kb max_used=5325Kb free=240483Kb
 bounds [0x0000000002ee0000, 0x0000000003420000, 0x0000000011ee0000]
 total_blobs=2042 nmethods=1057 adapters=906
 compilation: enabled

Compilation events (10 events):
Event: 2.452 Thread 0x000000001f6ce000 nmethod 1050 0x00000000033e9590 code [0x00000000033e96e0, 0x00000000033e9890]
Event: 2.452 Thread 0x000000001f6ce000 1051       3       java.nio.Buffer::<init> (121 bytes)
Event: 2.453 Thread 0x000000001f6ce000 nmethod 1051 0x00000000033e7390 code [0x00000000033e7660, 0x00000000033e8b28]
Event: 2.453 Thread 0x000000001f6ce000 1053       3       java.lang.Integer::getChars (131 bytes)
Event: 2.453 Thread 0x000000001f6ce000 nmethod 1053 0x00000000033e68d0 code [0x00000000033e6a60, 0x00000000033e6ef0]
Event: 2.453 Thread 0x000000001f6ce000 1052       3       java.nio.Buffer::hasRemaining (17 bytes)
Event: 2.453 Thread 0x000000001f6ce000 nmethod 1052 0x00000000033e6550 code [0x00000000033e66a0, 0x00000000033e6850]
Event: 2.453 Thread 0x000000001f6ce000 1054       3       java.nio.CharBuffer::<init> (22 bytes)
Event: 2.453 Thread 0x000000001f6ce000 nmethod 1054 0x00000000033e6150 code [0x00000000033e62c0, 0x00000000033e64a8]
Event: 2.453 Thread 0x000000001f6ce000 1056       3       java.nio.CharBuffer::array (35 bytes)

GC Heap History (2 events):
Event: 2.379 GC heap before
{Heap before GC invocations=1 (full 0):
 PSYoungGen      total 76288K, used 65536K [0x000000076af00000, 0x0000000770400000, 0x00000007c0000000)
  eden space 65536K, 100% used [0x000000076af00000,0x000000076ef00000,0x000000076ef00000)
  from space 10752K, 0% used [0x000000076f980000,0x000000076f980000,0x0000000770400000)
  to   space 10752K, 0% used [0x000000076ef00000,0x000000076ef00000,0x000000076f980000)
 ParOldGen       total 175104K, used 0K [0x00000006c0c00000, 0x00000006cb700000, 0x000000076af00000)
  object space 175104K, 0% used [0x00000006c0c00000,0x00000006c0c00000,0x00000006cb700000)
 Metaspace       used 11911K, capacity 12209K, committed 12416K, reserved 1060864K
  class space    used 994K, capacity 1080K, committed 1152K, reserved 1048576K
Event: 2.384 GC heap after
Heap after GC invocations=1 (full 0):
 PSYoungGen      total 76288K, used 6109K [0x000000076af00000, 0x0000000770400000, 0x00000007c0000000)
  eden space 65536K, 0% used [0x000000076af00000,0x000000076af00000,0x000000076ef00000)
  from space 10752K, 56% used [0x000000076ef00000,0x000000076f4f7698,0x000000076f980000)
  to   space 10752K, 0% used [0x000000076f980000,0x000000076f980000,0x0000000770400000)
 ParOldGen       total 175104K, used 16K [0x00000006c0c00000, 0x00000006cb700000, 0x000000076af00000)
  object space 175104K, 0% used [0x00000006c0c00000,0x00000006c0c04000,0x00000006cb700000)
 Metaspace       used 11911K, capacity 12209K, committed 12416K, reserved 1060864K
  class space    used 994K, capacity 1080K, committed 1152K, reserved 1048576K
}

Deoptimization events (9 events):
Event: 0.647 Thread 0x0000000002ce1800 Uncommon trap: reason=unstable_if action=reinterpret pc=0x0000000003077ca8 method=org.eclipse.jdt.launching.internal.org.objectweb.asm.ClassReader.readUtf(II[C)Ljava/lang/String; @ 41
Event: 0.647 Thread 0x0000000002ce1800 Uncommon trap: reason=unstable_if action=reinterpret pc=0x0000000003079a64 method=org.eclipse.jdt.launching.internal.org.objectweb.asm.ClassReader.readUtf(II[C)Ljava/lang/String; @ 41
Event: 0.653 Thread 0x0000000002ce1800 Uncommon trap: reason=unstable_if action=reinterpret pc=0x000000000308bd44 method=org.eclipse.jdt.launching.internal.org.objectweb.asm.ByteVector.putUTF8(Ljava/lang/String;)Lorg/eclipse/jdt/launching/internal/org/objectweb/asm/ByteVector; @ 100
Event: 0.660 Thread 0x0000000002ce1800 Uncommon trap: reason=unstable_if action=reinterpret pc=0x000000000302c680 method=java.lang.String.lastIndexOf([CII[CIII)I @ 66
Event: 1.725 Thread 0x0000000002ce1800 Uncommon trap: reason=unstable_if action=reinterpret pc=0x00000000030433c8 method=java.util.HashMap.getNode(ILjava/lang/Object;)Ljava/util/HashMap$Node; @ 116
Event: 1.731 Thread 0x0000000002ce1800 Uncommon trap: reason=unstable_if action=reinterpret pc=0x000000000303aff0 method=java.util.HashMap.getNode(ILjava/lang/Object;)Ljava/util/HashMap$Node; @ 116
Event: 2.140 Thread 0x0000000002ce1800 Uncommon trap: reason=unstable_if action=reinterpret pc=0x00000000033222a4 method=org.eclipse.jdt.launching.internal.org.objectweb.asm.SymbolTable.addConstant(Ljava/lang/Object;)Lorg/eclipse/jdt/launching/internal/org/objectweb/asm/Symbol; @ 107
Event: 2.351 Thread 0x0000000002ce1800 Uncommon trap: reason=unstable_if action=reinterpret pc=0x0000000003340190 method=org.eclipse.jdt.launching.internal.org.objectweb.asm.ClassReader.readMethod(Lorg/eclipse/jdt/launching/internal/org/objectweb/asm/ClassVisitor;Lorg/eclipse/jdt/launching/int
Event: 2.437 Thread 0x0000000002ce1800 Uncommon trap: reason=unstable_if action=reinterpret pc=0x00000000033ebeec method=org.eclipse.jdt.launching.internal.org.objectweb.asm.MethodWriter.visitLdcInsn(Ljava/lang/Object;)V @ 39

Internal exceptions (10 events):
Event: 2.303 Thread 0x0000000002ce1800 Exception <a 'java/security/PrivilegedActionException'> (0x000000076e90c648) thrown at [C:\re\workspace\8-2-build-windows-amd64-cygwin\jdk8u141\9370\hotspot\src\share\vm\prims\jvm.cpp, line 1390]
Event: 2.303 Thread 0x0000000002ce1800 Exception <a 'java/security/PrivilegedActionException'> (0x000000076e90c858) thrown at [C:\re\workspace\8-2-build-windows-amd64-cygwin\jdk8u141\9370\hotspot\src\share\vm\prims\jvm.cpp, line 1390]
Event: 2.303 Thread 0x0000000002ce1800 Exception <a 'java/security/PrivilegedActionException'> (0x000000076e910580) thrown at [C:\re\workspace\8-2-build-windows-amd64-cygwin\jdk8u141\9370\hotspot\src\share\vm\prims\jvm.cpp, line 1390]
Event: 2.303 Thread 0x0000000002ce1800 Exception <a 'java/security/PrivilegedActionException'> (0x000000076e910790) thrown at [C:\re\workspace\8-2-build-windows-amd64-cygwin\jdk8u141\9370\hotspot\src\share\vm\prims\jvm.cpp, line 1390]
Event: 2.319 Thread 0x0000000002ce1800 Exception <a 'java/security/PrivilegedActionException'> (0x000000076eaa18a8) thrown at [C:\re\workspace\8-2-build-windows-amd64-cygwin\jdk8u141\9370\hotspot\src\share\vm\prims\jvm.cpp, line 1390]
Event: 2.319 Thread 0x0000000002ce1800 Exception <a 'java/security/PrivilegedActionException'> (0x000000076eaa1ab8) thrown at [C:\re\workspace\8-2-build-windows-amd64-cygwin\jdk8u141\9370\hotspot\src\share\vm\prims\jvm.cpp, line 1390]
Event: 2.319 Thread 0x0000000002ce1800 Exception <a 'java/security/PrivilegedActionException'> (0x000000076eaa3b70) thrown at [C:\re\workspace\8-2-build-windows-amd64-cygwin\jdk8u141\9370\hotspot\src\share\vm\prims\jvm.cpp, line 1390]
Event: 2.319 Thread 0x0000000002ce1800 Exception <a 'java/security/PrivilegedActionException'> (0x000000076eaa3d80) thrown at [C:\re\workspace\8-2-build-windows-amd64-cygwin\jdk8u141\9370\hotspot\src\share\vm\prims\jvm.cpp, line 1390]
Event: 2.319 Thread 0x0000000002ce1800 Exception <a 'java/security/PrivilegedActionException'> (0x000000076eaa7f68) thrown at [C:\re\workspace\8-2-build-windows-amd64-cygwin\jdk8u141\9370\hotspot\src\share\vm\prims\jvm.cpp, line 1390]
Event: 2.319 Thread 0x0000000002ce1800 Exception <a 'java/security/PrivilegedActionException'> (0x000000076eaa8178) thrown at [C:\re\workspace\8-2-build-windows-amd64-cygwin\jdk8u141\9370\hotspot\src\share\vm\prims\jvm.cpp, line 1390]

Events (10 events):
Event: 2.446 Thread 0x0000000002ce1800 DEOPT PACKING pc=0x00000000030cf79c sp=0x0000000002bdd660
Event: 2.446 Thread 0x0000000002ce1800 DEOPT UNPACKING pc=0x0000000002f2787f sp=0x0000000002bdd480 mode 1
Event: 2.447 loading class org/joml/Quaternionfc
Event: 2.447 loading class org/joml/Quaternionfc done
Event: 2.447 Thread 0x0000000002ce1800 DEOPT PACKING pc=0x00000000032d3b49 sp=0x0000000002bdae60
Event: 2.447 Thread 0x0000000002ce1800 DEOPT UNPACKING pc=0x0000000002f2787f sp=0x0000000002bdabb0 mode 1
Event: 2.447 Thread 0x0000000002ce1800 DEOPT PACKING pc=0x00000000030cfa04 sp=0x0000000002bdaee0
Event: 2.447 Thread 0x0000000002ce1800 DEOPT UNPACKING pc=0x0000000002f2787f sp=0x0000000002bdad00 mode 1
Event: 2.447 Thread 0x0000000002ce1800 DEOPT PACKING pc=0x00000000030cf79c sp=0x0000000002bdb070
Event: 2.447 Thread 0x0000000002ce1800 DEOPT UNPACKING pc=0x0000000002f2787f sp=0x0000000002bdae90 mode 1


Dynamic libraries:
0x00007ff661360000 - 0x00007ff661397000 	C:\Program Files\Java\jre1.8.0_141\bin\javaw.exe
0x00007fffc72a0000 - 0x00007fffc7481000 	C:\WINDOWS\SYSTEM32\ntdll.dll
0x00007fffbef60000 - 0x00007fffbef72000 	C:\Program Files\AVAST Software\Avast\aswhook.dll
0x00007fffc5380000 - 0x00007fffc5431000 	C:\WINDOWS\System32\KERNEL32.DLL
0x00007fffc3870000 - 0x00007fffc3ae3000 	C:\WINDOWS\System32\KERNELBASE.dll
0x00007fffc4de0000 - 0x00007fffc4e81000 	C:\WINDOWS\System32\ADVAPI32.dll
0x00007fffc6f70000 - 0x00007fffc700e000 	C:\WINDOWS\System32\msvcrt.dll
0x00007fffc4930000 - 0x00007fffc498b000 	C:\WINDOWS\System32\sechost.dll
0x00007fffc5250000 - 0x00007fffc5374000 	C:\WINDOWS\System32\RPCRT4.dll
0x00007fffc4730000 - 0x00007fffc48c0000 	C:\WINDOWS\System32\USER32.dll
0x00007fffc37a0000 - 0x00007fffc37c0000 	C:\WINDOWS\System32\win32u.dll
0x00007fffc6880000 - 0x00007fffc68a8000 	C:\WINDOWS\System32\GDI32.dll
0x00007fffc43f0000 - 0x00007fffc4581000 	C:\WINDOWS\System32\gdi32full.dll
0x00007fffc4590000 - 0x00007fffc462f000 	C:\WINDOWS\System32\msvcp_win.dll
0x00007fffc4630000 - 0x00007fffc4728000 	C:\WINDOWS\System32\ucrtbase.dll
0x00007fffb9f60000 - 0x00007fffba1c9000 	C:\WINDOWS\WinSxS\amd64_microsoft.windows.common-controls_6595b64144ccf1df_6.0.17134.950_none_fb3da4273069d3e0\COMCTL32.dll
0x00007fffc4e90000 - 0x00007fffc51b2000 	C:\WINDOWS\System32\combase.dll
0x00007fffc3670000 - 0x00007fffc36e9000 	C:\WINDOWS\System32\bcryptPrimitives.dll
0x00007fffc5220000 - 0x00007fffc524d000 	C:\WINDOWS\System32\IMM32.DLL
0x0000000071fa0000 - 0x0000000072072000 	C:\Program Files\Java\jre1.8.0_141\bin\msvcr100.dll
0x0000000072310000 - 0x0000000072bad000 	C:\Program Files\Java\jre1.8.0_141\bin\server\jvm.dll
0x00007fffc6ec0000 - 0x00007fffc6ec8000 	C:\WINDOWS\System32\PSAPI.DLL
0x00007fffafe80000 - 0x00007fffafe89000 	C:\WINDOWS\SYSTEM32\WSOCK32.dll
0x00007fffc48c0000 - 0x00007fffc492c000 	C:\WINDOWS\System32\WS2_32.dll
0x00007fffbf210000 - 0x00007fffbf233000 	C:\WINDOWS\SYSTEM32\WINMM.dll
0x00007fffbf140000 - 0x00007fffbf14a000 	C:\WINDOWS\SYSTEM32\VERSION.dll
0x00007fffbf150000 - 0x00007fffbf17a000 	C:\WINDOWS\SYSTEM32\WINMMBASE.dll
0x00007fffc37c0000 - 0x00007fffc3809000 	C:\WINDOWS\System32\cfgmgr32.dll
0x0000000072220000 - 0x000000007222f000 	C:\Program Files\Java\jre1.8.0_141\bin\verify.dll
0x00000000721f0000 - 0x0000000072219000 	C:\Program Files\Java\jre1.8.0_141\bin\java.dll
0x0000000071f60000 - 0x0000000071f95000 	C:\Program Files\Java\jre1.8.0_141\bin\jdwp.dll
0x0000000071f50000 - 0x0000000071f58000 	C:\Program Files\Java\jre1.8.0_141\bin\npt.dll
0x0000000071f20000 - 0x0000000071f43000 	C:\Program Files\Java\jre1.8.0_141\bin\instrument.dll
0x00000000721d0000 - 0x00000000721e6000 	C:\Program Files\Java\jre1.8.0_141\bin\zip.dll
0x00007fffc5440000 - 0x00007fffc6880000 	C:\WINDOWS\System32\SHELL32.dll
0x00007fffc6df0000 - 0x00007fffc6e99000 	C:\WINDOWS\System32\shcore.dll
0x00007fffc3af0000 - 0x00007fffc41fd000 	C:\WINDOWS\System32\windows.storage.dll
0x00007fffc51c0000 - 0x00007fffc5211000 	C:\WINDOWS\System32\shlwapi.dll
0x00007fffc3630000 - 0x00007fffc3641000 	C:\WINDOWS\System32\kernel.appcore.dll
0x00007fffc3650000 - 0x00007fffc366f000 	C:\WINDOWS\System32\profapi.dll
0x00007fffc35c0000 - 0x00007fffc360c000 	C:\WINDOWS\System32\powrprof.dll
0x00007fffc2060000 - 0x00007fffc206a000 	C:\WINDOWS\SYSTEM32\FLTLIB.DLL
0x0000000071f10000 - 0x0000000071f19000 	C:\Program Files\Java\jre1.8.0_141\bin\dt_socket.dll
0x00007fffa1090000 - 0x00007fffa10a6000 	C:\WINDOWS\system32\napinsp.dll
0x00007fffa1070000 - 0x00007fffa108a000 	C:\WINDOWS\system32\pnrpnsp.dll
0x00007fffbee20000 - 0x00007fffbee39000 	C:\WINDOWS\system32\NLAapi.dll
0x00007fffc2e40000 - 0x00007fffc2ea6000 	C:\WINDOWS\System32\mswsock.dll
0x00007fffc2bd0000 - 0x00007fffc2c8e000 	C:\WINDOWS\SYSTEM32\DNSAPI.dll
0x00007fffc7100000 - 0x00007fffc7108000 	C:\WINDOWS\System32\NSI.dll
0x00007fffc2b90000 - 0x00007fffc2bc8000 	C:\WINDOWS\SYSTEM32\IPHLPAPI.DLL
0x00007fffa1060000 - 0x00007fffa106e000 	C:\WINDOWS\System32\winrnr.dll
0x00007fffbe1b0000 - 0x00007fffbe222000 	C:\WINDOWS\System32\fwpuclnt.dll
0x00007fffc3120000 - 0x00007fffc3145000 	C:\WINDOWS\SYSTEM32\bcrypt.dll
0x00007fffbd650000 - 0x00007fffbd65a000 	C:\Windows\System32\rasadhlp.dll
0x00000000721b0000 - 0x00000000721ca000 	C:\Program Files\Java\jre1.8.0_141\bin\net.dll
0x0000000072190000 - 0x00000000721a1000 	C:\Program Files\Java\jre1.8.0_141\bin\nio.dll
0x00007fff9e900000 - 0x00007fff9e972000 	C:\Users\naits\AppData\Local\Temp\lwjglNaitsirc98\3.2.2-build-10\lwjgl.dll
0x00007fff9e8a0000 - 0x00007fff9e8fe000 	C:\Users\naits\AppData\Local\Temp\lwjglNaitsirc98\3.2.2-build-10\glfw.dll
0x00007fffc1620000 - 0x00007fffc16b8000 	C:\WINDOWS\system32\uxtheme.dll
0x00007fffbc880000 - 0x00007fffbc8c3000 	C:\WINDOWS\SYSTEM32\dinput8.dll
0x00007fffa1d40000 - 0x00007fffa1d50000 	C:\WINDOWS\SYSTEM32\xinput1_4.dll
0x00007fffc33d0000 - 0x00007fffc33f7000 	C:\WINDOWS\SYSTEM32\DEVOBJ.dll
0x00007fffb3430000 - 0x00007fffb34a9000 	C:\WINDOWS\SYSTEM32\inputhost.dll
0x00007fffc12f0000 - 0x00007fffc13ca000 	C:\WINDOWS\SYSTEM32\CoreMessaging.dll
0x00007fffbe5f0000 - 0x00007fffbe73d000 	C:\WINDOWS\SYSTEM32\wintypes.dll
0x00007fffbce50000 - 0x00007fffbd16e000 	C:\WINDOWS\SYSTEM32\CoreUIComponents.dll
0x00007fffc2660000 - 0x00007fffc2691000 	C:\WINDOWS\SYSTEM32\ntmarta.dll
0x00007fffc1900000 - 0x00007fffc1929000 	C:\WINDOWS\SYSTEM32\dwmapi.dll
0x00007fffc68b0000 - 0x00007fffc6a23000 	C:\WINDOWS\System32\MSCTF.dll
0x00007fffc6a30000 - 0x00007fffc6af2000 	C:\WINDOWS\System32\OLEAUT32.dll
0x00007fffc2070000 - 0x00007fffc207c000 	C:\WINDOWS\SYSTEM32\HID.DLL
0x00007fffc4990000 - 0x00007fffc4ddb000 	C:\WINDOWS\System32\SETUPAPI.DLL
0x00007fffc3810000 - 0x00007fffc3867000 	C:\WINDOWS\System32\WINTRUST.dll
0x00007fffc3610000 - 0x00007fffc3622000 	C:\WINDOWS\System32\MSASN1.dll
0x00007fffc4200000 - 0x00007fffc43e2000 	C:\WINDOWS\System32\CRYPT32.dll
0x00007fff9bfc0000 - 0x00007fff9c0e0000 	C:\WINDOWS\SYSTEM32\opengl32.dll
0x00007fffbc670000 - 0x00007fffbc69c000 	C:\WINDOWS\SYSTEM32\GLU32.dll
0x000000006f7c0000 - 0x0000000071f0d000 	C:\WINDOWS\System32\DriverStore\FileRepository\nv_dispi.inf_amd64_4b310b124a4f2d9f\nvoglv64.dll
0x00007fffc7110000 - 0x00007fffc7261000 	C:\WINDOWS\System32\ole32.dll
0x00007fffbf600000 - 0x00007fffbf613000 	C:\WINDOWS\SYSTEM32\WTSAPI32.dll
0x00007fff83010000 - 0x00007fff832c2000 	C:\WINDOWS\system32\nvspcap64.dll
0x00007fffc2700000 - 0x00007fffc2756000 	C:\WINDOWS\SYSTEM32\WINSTA.dll
0x00007fffb3620000 - 0x00007fffb36b6000 	C:\WINDOWS\System32\TextInputFramework.dll
0x00007fff84000000 - 0x00007fff84251000 	C:\Users\naits\AppData\Local\Temp\lwjglNaitsirc98\3.2.2-build-10\jemalloc.dll
0x00007fff9e840000 - 0x00007fff9e898000 	C:\Users\naits\AppData\Local\Temp\lwjglNaitsirc98\3.2.2-build-10\lwjgl_opengl.dll
0x00007fff7de50000 - 0x00007fff7e524000 	C:\Users\naits\AppData\Local\Temp\lwjglNaitsirc98\3.2.2-build-10\assimp.dll
0x00007fff98110000 - 0x00007fff9818f000 	C:\Users\naits\AppData\Local\Temp\lwjglNaitsirc98\3.2.2-build-10\lwjgl_stb.dll
0x00007fffbe230000 - 0x00007fffbe3f9000 	C:\WINDOWS\SYSTEM32\dbghelp.dll

VM Arguments:
jvm_args: -agentlib:jdwp=transport=dt_socket,suspend=y,address=localhost:52891 -javaagent:G:\java-2019-03\eclipse\configuration\org.eclipse.osgi\224\0\.cp\lib\javaagent-shaded.jar -Dfile.encoding=Cp1252 
java_command: learnopengl.p3_model_loading.ModelLoading
java_class_path (initial): G:\Java-Dev\LearnOpenGL-LWJGL3\LearnOpenGL-LWJGL3\bin\default;C:\Users\naits\.gradle\caches\modules-2\files-2.1\ch.qos.logback\logback-classic\1.2.3\7c4f3c474fb2c041d8028740440937705ebb473a\logback-classic-1.2.3.jar;C:\Users\naits\.gradle\caches\modules-2\files-2.1\ch.qos.logback\logback-core\1.2.3\864344400c3d4d92dfeb0a305dc87d953677c03c\logback-core-1.2.3.jar;C:\Users\naits\.gradle\caches\modules-2\files-2.1\org.slf4j\slf4j-api\1.7.25\da76ca59f6a57ee3102f8f9bd9cee742973efa8a\slf4j-api-1.7.25.jar;C:\Users\naits\.gradle\caches\modules-2\files-2.1\org.lwjgl\lwjgl-assimp\3.2.2\d4128312444099cea3c4dbb77f5098d19e340d\lwjgl-assimp-3.2.2.jar;C:\Users\naits\.gradle\caches\modules-2\files-2.1\org.lwjgl\lwjgl-bgfx\3.2.2\9dcb34f1b257957296bbc8d97d683cc163a760fc\lwjgl-bgfx-3.2.2.jar;C:\Users\naits\.gradle\caches\modules-2\files-2.1\org.lwjgl\lwjgl-cuda\3.2.2\dbe29a9f53a243be6430ec592abf3976a61ec830\lwjgl-cuda-3.2.2.jar;C:\Users\naits\.gradle\caches\modules-2\files-2.1\org.lwjgl\lwjgl-egl\3.2.2\da1f6c15a46094982a07e31d3d2a5e6393d8c19a\lwjgl-egl-3.2.2.jar;C:\Users\naits\.gradle\caches\modules-2\files-2.1\org.lwjgl\lwjgl-glfw\3.2.2\d3ad4df38e400b8afba1de63f84338809399df5b\lwjgl-glfw-3.2.2.jar;C:\Users\naits\.gradle\caches\modules-2\files-2.1\org.lwjgl\lwjgl-jawt\3.2.2\91c4c6d84cdda5c78fa5bfdb11c5a7482d755838\lwjgl-jawt-3.2.2.jar;C:\Users\naits\.gradle\caches\modules-2\files-2.1\org.lwjgl\lwjgl-jemalloc\3.2.2\ee8e57a79300f78294576d87c4a587f8c99402e2\lwjgl-jemalloc-3.2.2.jar;C:\Users\naits\.gradle\caches\modules-2\files-2.1\org.lwjgl\lwjgl-libdivide\3.2.2\f434608b9d35c75428b7e5911b9c78768a031463\lwjgl-libdivide-3.2.2.jar;C:\Users\naits\.gradle\caches\modules-2\files-2.1\org.lwjgl\lwjgl-llvm\3.2.2\b10cd956c5ac4d726a73d5217dd3302920ad92d6\lwjgl-llvm-3.2.2.jar;C:\Users\naits\.gradle\caches\modules-2\files-2.1\org.lwjgl\lwjgl-lmdb\3.2.2\19fd54f40d9a36271ff8d1047607edd2a9a6a248\lwjgl-lmdb-3.2.2.jar;C:\Users\naits\.gradle\caches\modules-2\files-2.1\org.lwjgl\
Launcher Type: SUN_STANDARD

Environment Variables:
JAVA_HOME=C:\Program Files\Java\jdk-10.0.2
USERNAME=Naitsirc98
OS=Windows_NT
PROCESSOR_IDENTIFIER=Intel64 Family 6 Model 58 Stepping 9, GenuineIntel



---------------  S Y S T E M  ---------------

OS: Windows 10.0 , 64 bit Build 17134 (10.0.17134.753)

CPU:total 8 (initial active 8) (4 cores per cpu, 2 threads per core) family 6 model 58 stepping 9, cmov, cx8, fxsr, mmx, sse, sse2, sse3, ssse3, sse4.1, sse4.2, popcnt, avx, aes, clmul, erms, ht, tsc, tscinvbit, tscinv

Memory: 4k page, physical 16723532k(8639932k free), swap 19213900k(8679588k free)

vm_info: Java HotSpot(TM) 64-Bit Server VM (25.141-b15) for windows-amd64 JRE (1.8.0_141-b15), built on Jul 12 2017 04:25:12 by "java_re" with MS VC++ 10.0 (VS2010)

time: Sun Sep 01 18:14:17 2019
elapsed time: 2 seconds (0d 0h 0m 2s)

