#
# A fatal error has been detected by the Java Runtime Environment:
#
#  EXCEPTION_ACCESS_VIOLATION (0xc0000005) at pc=0x00000000724f0e4f, pid=15036, tid=0x00000000000020e8
#
# JRE version: Java(TM) SE Runtime Environment (8.0_141-b15) (build 1.8.0_141-b15)
# Java VM: Java HotSpot(TM) 64-Bit Server VM (25.141-b15 mixed mode windows-amd64 compressed oops)
# Problematic frame:
# V  [jvm.dll+0x1e0e4f]
#
# Failed to write core dump. Minidumps are not enabled by default on client versions of Windows
#
# If you would like to submit a bug report, please visit:
#   http://bugreport.java.com/bugreport/crash.jsp
#

---------------  T H R E A D  ---------------

Current thread (0x0000000002ac1800):  JavaThread "main" [_thread_in_vm, id=8424, stack(0x00000000029b0000,0x0000000002ab0000)]

siginfo: ExceptionCode=0xc0000005, writing address 0x0000000023415080

Registers:
RAX=0x0000000000000000, RBX=0x0000000002ac1800, RCX=0x0000000000000180, RDX=0x0000000002aaeb38
RSP=0x0000000002aaeae0, RBP=0x0000000023415080, RSI=0x0000000000000000, RDI=0x0000000000000000
R8 =0x0000000000000000, R9 =0x0000000023415080, R10=0x00000000031e48d5, R11=0x00000000031e4898
R12=0x0000000000000000, R13=0x0000000002aaeb90, R14=0x0000000002aaec20, R15=0x0000000002ac1800
RIP=0x00000000724f0e4f, EFLAGS=0x0000000000010246

Top of Stack: (sp=0x0000000002aaeae0)
0x0000000002aaeae0:   0000000002aaeae0 00000000724f06a0
0x0000000002aaeaf0:   0000000002aaeb30 000000001bf48500
0x0000000002aaeb00:   0000000002d183fd 00000000031e4953
0x0000000002aaeb10:   000000001be9a200 0000000002aaeb70
0x0000000002aaeb20:   0000000000000002 0000000002aaeb80
0x0000000002aaeb30:   00000000bd965b80 00000006c0c00458
0x0000000002aaeb40:   0000000000000000 000000076ef20518
0x0000000002aaeb50:   000000001bf21060 0000000002aaeb98
0x0000000002aaeb60:   000000001bf21200 0000000000000000
0x0000000002aaeb70:   0000000002aaebf8 0000000002d183fd
0x0000000002aaeb80:   0000000002aaebf8 0000000002d183fd
0x0000000002aaeb90:   00000000bd965b80 0000000023415080
0x0000000002aaeba0:   0000000000000009 0000000000000000
0x0000000002aaebb0:   00000006c0c00458 0000000002aaebb8
0x0000000002aaebc0:   000000002d524a39 0000000002aaec20
0x0000000002aaebd0:   000000002d530428 0000000000000000 

Instructions: (pc=0x00000000724f0e4f)
0x00000000724f0e2f:   48 8b cb e8 59 1e 06 00 c7 83 70 02 00 00 06 00
0x00000000724f0e3f:   00 00 48 85 f6 74 03 48 8b 3e f3 0f 10 44 24 50
0x00000000724f0e4f:   f3 0f 11 04 2f 48 8b 7b 48 48 8b 47 10 48 8b 77
0x00000000724f0e5f:   08 48 83 38 00 74 15 48 8b 57 28 48 8b ce e8 4e 


Register to memory mapping:

RAX=0x0000000000000000 is an unknown value
RBX=0x0000000002ac1800 is a thread
RCX=0x0000000000000180 is an unknown value
RDX=0x0000000002aaeb38 is pointing into the stack for thread: 0x0000000002ac1800
RSP=0x0000000002aaeae0 is pointing into the stack for thread: 0x0000000002ac1800
RBP=0x0000000023415080 is an unknown value
RSI=0x0000000000000000 is an unknown value
RDI=0x0000000000000000 is an unknown value
R8 =0x0000000000000000 is an unknown value
R9 =0x0000000023415080 is an unknown value
R10=0x00000000031e48d5 is at entry_point+85 in (nmethod*)0x00000000031e4710
R11=0x00000000031e4898 is at entry_point+24 in (nmethod*)0x00000000031e4710
R12=0x0000000000000000 is an unknown value
R13=0x0000000002aaeb90 is pointing into the stack for thread: 0x0000000002ac1800
R14=0x0000000002aaec20 is pointing into the stack for thread: 0x0000000002ac1800
R15=0x0000000002ac1800 is a thread


Stack: [0x00000000029b0000,0x0000000002ab0000],  sp=0x0000000002aaeae0,  free space=1018k
Native frames: (J=compiled Java code, j=interpreted, Vv=VM code, C=native code)
V  [jvm.dll+0x1e0e4f]
C  0x00000000031e4953

Java frames: (J=compiled Java code, j=interpreted, Vv=VM code)
J 1024  sun.misc.Unsafe.putFloat(Ljava/lang/Object;JF)V (0 bytes) @ 0x00000000031e48d5 [0x00000000031e4880+0x55]
j  org.joml.internal.MemUtil$MemUtilUnsafe.put(Lorg/joml/Vector3f;J)V+9
j  org.joml.internal.MemUtil$MemUtilUnsafe.put(Lorg/joml/Vector3f;ILjava/nio/FloatBuffer;)V+28
j  org.joml.Vector3f.get(ILjava/nio/FloatBuffer;)Ljava/nio/FloatBuffer;+6
j  learnopengl.util.Mesh.getVertexData()Ljava/nio/FloatBuffer;+149
j  learnopengl.util.Mesh.setupMesh()V+38
j  learnopengl.util.Mesh.<init>(Ljava/util/List;Ljava/util/List;Ljava/util/List;)V+20
j  learnopengl.util.Model.processMesh(Lorg/lwjgl/assimp/AIMesh;Lorg/lwjgl/assimp/AIScene;)Llearnopengl/util/Mesh;+484
j  learnopengl.util.Model.processNode(Lorg/lwjgl/assimp/AINode;Lorg/lwjgl/assimp/AIScene;)V+30
j  learnopengl.util.Model.processNode(Lorg/lwjgl/assimp/AINode;Lorg/lwjgl/assimp/AIScene;)V+79
j  learnopengl.util.Model.loadModel(Ljava/lang/String;)V+74
j  learnopengl.util.Model.<init>(Ljava/lang/String;Z)V+33
j  learnopengl.util.Model.<init>(Ljava/lang/String;)V+3
j  learnopengl.p3_model_loading.ModelLoading.main([Ljava/lang/String;)V+193
v  ~StubRoutines::call_stub

---------------  P R O C E S S  ---------------

Java Threads: ( => current thread )
  0x000000001f607000 JavaThread "Service Thread" daemon [_thread_blocked, id=14440, stack(0x0000000020160000,0x0000000020260000)]
  0x000000001f576000 JavaThread "C1 CompilerThread3" daemon [_thread_blocked, id=15804, stack(0x0000000020060000,0x0000000020160000)]
  0x000000001f58a000 JavaThread "C2 CompilerThread2" daemon [_thread_blocked, id=10660, stack(0x000000001ff60000,0x0000000020060000)]
  0x000000001f589000 JavaThread "C2 CompilerThread1" daemon [_thread_blocked, id=4364, stack(0x000000001fe60000,0x000000001ff60000)]
  0x000000001f588800 JavaThread "C2 CompilerThread0" daemon [_thread_blocked, id=15228, stack(0x000000001fd60000,0x000000001fe60000)]
  0x000000001e74c800 JavaThread "JDWP Command Reader" daemon [_thread_in_native, id=8628, stack(0x000000001f460000,0x000000001f560000)]
  0x000000001e749800 JavaThread "JDWP Event Helper Thread" daemon [_thread_blocked, id=2116, stack(0x000000001f360000,0x000000001f460000)]
  0x000000001e740000 JavaThread "JDWP Transport Listener: dt_socket" daemon [_thread_blocked, id=8384, stack(0x000000001f260000,0x000000001f360000)]
  0x000000001e732000 JavaThread "Attach Listener" daemon [_thread_blocked, id=9940, stack(0x000000001ee20000,0x000000001ef20000)]
  0x000000001e72f800 JavaThread "Signal Dispatcher" daemon [_thread_blocked, id=16604, stack(0x000000001ed20000,0x000000001ee20000)]
  0x000000001e720800 JavaThread "Finalizer" daemon [_thread_blocked, id=15104, stack(0x000000001eb00000,0x000000001ec00000)]
  0x000000001c80c000 JavaThread "Reference Handler" daemon [_thread_blocked, id=13732, stack(0x000000001e600000,0x000000001e700000)]
=>0x0000000002ac1800 JavaThread "main" [_thread_in_vm, id=8424, stack(0x00000000029b0000,0x0000000002ab0000)]

Other Threads:
  0x0000000002bbd000 VMThread [stack: 0x000000001e500000,0x000000001e600000] [id=19096]
  0x000000001f65e800 WatcherThread [stack: 0x00000000203c0000,0x00000000204c0000] [id=12132]

VM state:not at safepoint (normal execution)

VM Mutex/Monitor currently owned by a thread: None

Heap:
 PSYoungGen      total 76288K, used 16189K [0x000000076af00000, 0x0000000770400000, 0x00000007c0000000)
  eden space 65536K, 15% used [0x000000076af00000,0x000000076b8a6038,0x000000076ef00000)
  from space 10752K, 58% used [0x000000076ef00000,0x000000076f5296d0,0x000000076f980000)
  to   space 10752K, 0% used [0x000000076f980000,0x000000076f980000,0x0000000770400000)
 ParOldGen       total 175104K, used 16K [0x00000006c0c00000, 0x00000006cb700000, 0x000000076af00000)
  object space 175104K, 0% used [0x00000006c0c00000,0x00000006c0c04000,0x00000006cb700000)
 Metaspace       used 12856K, capacity 13137K, committed 13440K, reserved 1060864K
  class space    used 1031K, capacity 1112K, committed 1152K, reserved 1048576K

Card table byte_map: [0x00000000120d0000,0x00000000128d0000] byte_map_base: 0x000000000eaca000

Marking Bits: (ParMarkBitMap*) 0x0000000072b2d850
 Begin Bits: [0x0000000013630000, 0x0000000017600000)
 End Bits:   [0x0000000017600000, 0x000000001b5d0000)

Polling page: 0x0000000000d70000

CodeCache: size=245760Kb used=5095Kb max_used=5203Kb free=240664Kb
 bounds [0x0000000002d10000, 0x0000000003230000, 0x0000000011d10000]
 total_blobs=2018 nmethods=1033 adapters=906
 compilation: enabled

Compilation events (10 events):
Event: 27.542 Thread 0x000000001f576000 nmethod 1025 0x00000000031e3ed0 code [0x00000000031e4020, 0x00000000031e41d0]
Event: 35.310 Thread 0x000000001f576000 1026       3       java.nio.CharBuffer::arrayOffset (35 bytes)
Event: 35.311 Thread 0x000000001f576000 nmethod 1026 0x00000000031e3890 code [0x00000000031e3a20, 0x00000000031e3d58]
Event: 35.311 Thread 0x000000001f576000 1027       3       java.nio.Buffer::<init> (121 bytes)
Event: 35.312 Thread 0x000000001f576000 nmethod 1027 0x00000000031e1690 code [0x00000000031e1960, 0x00000000031e2e28]
Event: 35.312 Thread 0x000000001f576000 1029       3       java.lang.Integer::getChars (131 bytes)
Event: 35.312 Thread 0x000000001f576000 nmethod 1029 0x00000000031e0bd0 code [0x00000000031e0d60, 0x00000000031e11f0]
Event: 35.312 Thread 0x000000001f576000 1028       3       java.nio.Buffer::hasRemaining (17 bytes)
Event: 35.312 Thread 0x000000001f576000 nmethod 1028 0x00000000031e0850 code [0x00000000031e09a0, 0x00000000031e0b50]
Event: 35.312 Thread 0x000000001f576000 1030       3       java.nio.CharBuffer::<init> (22 bytes)

GC Heap History (2 events):
Event: 7.982 GC heap before
{Heap before GC invocations=1 (full 0):
 PSYoungGen      total 76288K, used 65536K [0x000000076af00000, 0x0000000770400000, 0x00000007c0000000)
  eden space 65536K, 100% used [0x000000076af00000,0x000000076ef00000,0x000000076ef00000)
  from space 10752K, 0% used [0x000000076f980000,0x000000076f980000,0x0000000770400000)
  to   space 10752K, 0% used [0x000000076ef00000,0x000000076ef00000,0x000000076f980000)
 ParOldGen       total 175104K, used 0K [0x00000006c0c00000, 0x00000006cb700000, 0x000000076af00000)
  object space 175104K, 0% used [0x00000006c0c00000,0x00000006c0c00000,0x00000006cb700000)
 Metaspace       used 11911K, capacity 12209K, committed 12416K, reserved 1060864K
  class space    used 994K, capacity 1080K, committed 1152K, reserved 1048576K
Event: 7.987 GC heap after
Heap after GC invocations=1 (full 0):
 PSYoungGen      total 76288K, used 6309K [0x000000076af00000, 0x0000000770400000, 0x00000007c0000000)
  eden space 65536K, 0% used [0x000000076af00000,0x000000076af00000,0x000000076ef00000)
  from space 10752K, 58% used [0x000000076ef00000,0x000000076f5296d0,0x000000076f980000)
  to   space 10752K, 0% used [0x000000076f980000,0x000000076f980000,0x0000000770400000)
 ParOldGen       total 175104K, used 16K [0x00000006c0c00000, 0x00000006cb700000, 0x000000076af00000)
  object space 175104K, 0% used [0x00000006c0c00000,0x00000006c0c04000,0x00000006cb700000)
 Metaspace       used 11911K, capacity 12209K, committed 12416K, reserved 1060864K
  class space    used 994K, capacity 1080K, committed 1152K, reserved 1048576K
}

Deoptimization events (7 events):
Event: 0.606 Thread 0x0000000002ac1800 Uncommon trap: reason=unstable_if action=reinterpret pc=0x0000000002ea89a8 method=org.eclipse.jdt.launching.internal.org.objectweb.asm.ClassReader.readUtf(II[C)Ljava/lang/String; @ 41
Event: 0.606 Thread 0x0000000002ac1800 Uncommon trap: reason=unstable_if action=reinterpret pc=0x0000000002ea4924 method=org.eclipse.jdt.launching.internal.org.objectweb.asm.ClassReader.readUtf(II[C)Ljava/lang/String; @ 41
Event: 0.613 Thread 0x0000000002ac1800 Uncommon trap: reason=unstable_if action=reinterpret pc=0x0000000002ec1044 method=org.eclipse.jdt.launching.internal.org.objectweb.asm.ByteVector.putUTF8(Ljava/lang/String;)Lorg/eclipse/jdt/launching/internal/org/objectweb/asm/ByteVector; @ 100
Event: 0.620 Thread 0x0000000002ac1800 Uncommon trap: reason=unstable_if action=reinterpret pc=0x0000000002e62640 method=java.lang.String.lastIndexOf([CII[CIII)I @ 66
Event: 1.651 Thread 0x0000000002ac1800 Uncommon trap: reason=unstable_if action=reinterpret pc=0x0000000002e74688 method=java.util.HashMap.getNode(ILjava/lang/Object;)Ljava/util/HashMap$Node; @ 116
Event: 1.657 Thread 0x0000000002ac1800 Uncommon trap: reason=unstable_if action=reinterpret pc=0x0000000002e65bb0 method=java.util.HashMap.getNode(ILjava/lang/Object;)Ljava/util/HashMap$Node; @ 116
Event: 2.066 Thread 0x0000000002ac1800 Uncommon trap: reason=unstable_if action=reinterpret pc=0x0000000003128864 method=org.eclipse.jdt.launching.internal.org.objectweb.asm.SymbolTable.addConstant(Ljava/lang/Object;)Lorg/eclipse/jdt/launching/internal/org/objectweb/asm/Symbol; @ 107

Internal exceptions (10 events):
Event: 2.232 Thread 0x0000000002ac1800 Exception <a 'java/security/PrivilegedActionException'> (0x000000076e909ce8) thrown at [C:\re\workspace\8-2-build-windows-amd64-cygwin\jdk8u141\9370\hotspot\src\share\vm\prims\jvm.cpp, line 1390]
Event: 2.232 Thread 0x0000000002ac1800 Exception <a 'java/security/PrivilegedActionException'> (0x000000076e909ef8) thrown at [C:\re\workspace\8-2-build-windows-amd64-cygwin\jdk8u141\9370\hotspot\src\share\vm\prims\jvm.cpp, line 1390]
Event: 2.233 Thread 0x0000000002ac1800 Exception <a 'java/security/PrivilegedActionException'> (0x000000076e90dc20) thrown at [C:\re\workspace\8-2-build-windows-amd64-cygwin\jdk8u141\9370\hotspot\src\share\vm\prims\jvm.cpp, line 1390]
Event: 2.233 Thread 0x0000000002ac1800 Exception <a 'java/security/PrivilegedActionException'> (0x000000076e90de30) thrown at [C:\re\workspace\8-2-build-windows-amd64-cygwin\jdk8u141\9370\hotspot\src\share\vm\prims\jvm.cpp, line 1390]
Event: 2.247 Thread 0x0000000002ac1800 Exception <a 'java/security/PrivilegedActionException'> (0x000000076ea9ef48) thrown at [C:\re\workspace\8-2-build-windows-amd64-cygwin\jdk8u141\9370\hotspot\src\share\vm\prims\jvm.cpp, line 1390]
Event: 2.247 Thread 0x0000000002ac1800 Exception <a 'java/security/PrivilegedActionException'> (0x000000076ea9f158) thrown at [C:\re\workspace\8-2-build-windows-amd64-cygwin\jdk8u141\9370\hotspot\src\share\vm\prims\jvm.cpp, line 1390]
Event: 2.247 Thread 0x0000000002ac1800 Exception <a 'java/security/PrivilegedActionException'> (0x000000076eaa1210) thrown at [C:\re\workspace\8-2-build-windows-amd64-cygwin\jdk8u141\9370\hotspot\src\share\vm\prims\jvm.cpp, line 1390]
Event: 2.248 Thread 0x0000000002ac1800 Exception <a 'java/security/PrivilegedActionException'> (0x000000076eaa1420) thrown at [C:\re\workspace\8-2-build-windows-amd64-cygwin\jdk8u141\9370\hotspot\src\share\vm\prims\jvm.cpp, line 1390]
Event: 2.248 Thread 0x0000000002ac1800 Exception <a 'java/security/PrivilegedActionException'> (0x000000076eaa5608) thrown at [C:\re\workspace\8-2-build-windows-amd64-cygwin\jdk8u141\9370\hotspot\src\share\vm\prims\jvm.cpp, line 1390]
Event: 2.248 Thread 0x0000000002ac1800 Exception <a 'java/security/PrivilegedActionException'> (0x000000076eaa5818) thrown at [C:\re\workspace\8-2-build-windows-amd64-cygwin\jdk8u141\9370\hotspot\src\share\vm\prims\jvm.cpp, line 1390]

Events (10 events):
Event: 28.550 Executing VM operation: GetOrSetLocal
Event: 28.550 Executing VM operation: GetOrSetLocal done
Event: 28.550 Executing VM operation: GetOrSetLocal
Event: 28.550 Executing VM operation: GetOrSetLocal done
Event: 28.550 Executing VM operation: GetOrSetLocal
Event: 28.550 Executing VM operation: GetOrSetLocal done
Event: 30.037 Executing VM operation: ChangeBreakpoints
Event: 30.038 Executing VM operation: ChangeBreakpoints done
Event: 33.545 Executing VM operation: ChangeBreakpoints
Event: 33.545 Executing VM operation: ChangeBreakpoints done


Dynamic libraries:
0x00007ff661360000 - 0x00007ff661397000 	C:\Program Files\Java\jre1.8.0_141\bin\javaw.exe
0x00007fffc72a0000 - 0x00007fffc7481000 	C:\WINDOWS\SYSTEM32\ntdll.dll
0x00007fffbef60000 - 0x00007fffbef72000 	C:\Program Files\AVAST Software\Avast\aswhook.dll
0x00007fffc5380000 - 0x00007fffc5431000 	C:\WINDOWS\System32\KERNEL32.DLL
0x00007fffc3870000 - 0x00007fffc3ae3000 	C:\WINDOWS\System32\KERNELBASE.dll
0x00007fffc4de0000 - 0x00007fffc4e81000 	C:\WINDOWS\System32\ADVAPI32.dll
0x00007fffc6f70000 - 0x00007fffc700e000 	C:\WINDOWS\System32\msvcrt.dll
0x00007fffc4930000 - 0x00007fffc498b000 	C:\WINDOWS\System32\sechost.dll
0x00007fffc5250000 - 0x00007fffc5374000 	C:\WINDOWS\System32\RPCRT4.dll
0x00007fffc4730000 - 0x00007fffc48c0000 	C:\WINDOWS\System32\USER32.dll
0x00007fffc37a0000 - 0x00007fffc37c0000 	C:\WINDOWS\System32\win32u.dll
0x00007fffc6880000 - 0x00007fffc68a8000 	C:\WINDOWS\System32\GDI32.dll
0x00007fffc43f0000 - 0x00007fffc4581000 	C:\WINDOWS\System32\gdi32full.dll
0x00007fffc4590000 - 0x00007fffc462f000 	C:\WINDOWS\System32\msvcp_win.dll
0x00007fffc4630000 - 0x00007fffc4728000 	C:\WINDOWS\System32\ucrtbase.dll
0x00007fffb9f60000 - 0x00007fffba1c9000 	C:\WINDOWS\WinSxS\amd64_microsoft.windows.common-controls_6595b64144ccf1df_6.0.17134.950_none_fb3da4273069d3e0\COMCTL32.dll
0x00007fffc4e90000 - 0x00007fffc51b2000 	C:\WINDOWS\System32\combase.dll
0x00007fffc3670000 - 0x00007fffc36e9000 	C:\WINDOWS\System32\bcryptPrimitives.dll
0x00007fffc5220000 - 0x00007fffc524d000 	C:\WINDOWS\System32\IMM32.DLL
0x0000000071fa0000 - 0x0000000072072000 	C:\Program Files\Java\jre1.8.0_141\bin\msvcr100.dll
0x0000000072310000 - 0x0000000072bad000 	C:\Program Files\Java\jre1.8.0_141\bin\server\jvm.dll
0x00007fffc6ec0000 - 0x00007fffc6ec8000 	C:\WINDOWS\System32\PSAPI.DLL
0x00007fffafe80000 - 0x00007fffafe89000 	C:\WINDOWS\SYSTEM32\WSOCK32.dll
0x00007fffc48c0000 - 0x00007fffc492c000 	C:\WINDOWS\System32\WS2_32.dll
0x00007fffbf210000 - 0x00007fffbf233000 	C:\WINDOWS\SYSTEM32\WINMM.dll
0x00007fffbf140000 - 0x00007fffbf14a000 	C:\WINDOWS\SYSTEM32\VERSION.dll
0x00007fffbf150000 - 0x00007fffbf17a000 	C:\WINDOWS\SYSTEM32\WINMMBASE.dll
0x00007fffc37c0000 - 0x00007fffc3809000 	C:\WINDOWS\System32\cfgmgr32.dll
0x0000000072220000 - 0x000000007222f000 	C:\Program Files\Java\jre1.8.0_141\bin\verify.dll
0x00000000721f0000 - 0x0000000072219000 	C:\Program Files\Java\jre1.8.0_141\bin\java.dll
0x0000000071f60000 - 0x0000000071f95000 	C:\Program Files\Java\jre1.8.0_141\bin\jdwp.dll
0x0000000071f50000 - 0x0000000071f58000 	C:\Program Files\Java\jre1.8.0_141\bin\npt.dll
0x0000000071f20000 - 0x0000000071f43000 	C:\Program Files\Java\jre1.8.0_141\bin\instrument.dll
0x00000000721d0000 - 0x00000000721e6000 	C:\Program Files\Java\jre1.8.0_141\bin\zip.dll
0x00007fffc5440000 - 0x00007fffc6880000 	C:\WINDOWS\System32\SHELL32.dll
0x00007fffc6df0000 - 0x00007fffc6e99000 	C:\WINDOWS\System32\shcore.dll
0x00007fffc3af0000 - 0x00007fffc41fd000 	C:\WINDOWS\System32\windows.storage.dll
0x00007fffc51c0000 - 0x00007fffc5211000 	C:\WINDOWS\System32\shlwapi.dll
0x00007fffc3630000 - 0x00007fffc3641000 	C:\WINDOWS\System32\kernel.appcore.dll
0x00007fffc3650000 - 0x00007fffc366f000 	C:\WINDOWS\System32\profapi.dll
0x00007fffc35c0000 - 0x00007fffc360c000 	C:\WINDOWS\System32\powrprof.dll
0x00007fffc2060000 - 0x00007fffc206a000 	C:\WINDOWS\SYSTEM32\FLTLIB.DLL
0x0000000071f10000 - 0x0000000071f19000 	C:\Program Files\Java\jre1.8.0_141\bin\dt_socket.dll
0x00007fffa1090000 - 0x00007fffa10a6000 	C:\WINDOWS\system32\napinsp.dll
0x00007fffa1070000 - 0x00007fffa108a000 	C:\WINDOWS\system32\pnrpnsp.dll
0x00007fffbee20000 - 0x00007fffbee39000 	C:\WINDOWS\system32\NLAapi.dll
0x00007fffc2e40000 - 0x00007fffc2ea6000 	C:\WINDOWS\System32\mswsock.dll
0x00007fffc2bd0000 - 0x00007fffc2c8e000 	C:\WINDOWS\SYSTEM32\DNSAPI.dll
0x00007fffc7100000 - 0x00007fffc7108000 	C:\WINDOWS\System32\NSI.dll
0x00007fffc2b90000 - 0x00007fffc2bc8000 	C:\WINDOWS\SYSTEM32\IPHLPAPI.DLL
0x00007fffa1060000 - 0x00007fffa106e000 	C:\WINDOWS\System32\winrnr.dll
0x00007fffbe1b0000 - 0x00007fffbe222000 	C:\WINDOWS\System32\fwpuclnt.dll
0x00007fffc3120000 - 0x00007fffc3145000 	C:\WINDOWS\SYSTEM32\bcrypt.dll
0x00007fffbd650000 - 0x00007fffbd65a000 	C:\Windows\System32\rasadhlp.dll
0x00000000721b0000 - 0x00000000721ca000 	C:\Program Files\Java\jre1.8.0_141\bin\net.dll
0x0000000072190000 - 0x00000000721a1000 	C:\Program Files\Java\jre1.8.0_141\bin\nio.dll
0x00007fff9e900000 - 0x00007fff9e972000 	C:\Users\naits\AppData\Local\Temp\lwjglNaitsirc98\3.2.2-build-10\lwjgl.dll
0x00007fff9e8a0000 - 0x00007fff9e8fe000 	C:\Users\naits\AppData\Local\Temp\lwjglNaitsirc98\3.2.2-build-10\glfw.dll
0x00007fffc1620000 - 0x00007fffc16b8000 	C:\WINDOWS\system32\uxtheme.dll
0x00007fffbc880000 - 0x00007fffbc8c3000 	C:\WINDOWS\SYSTEM32\dinput8.dll
0x00007fffa1d40000 - 0x00007fffa1d50000 	C:\WINDOWS\SYSTEM32\xinput1_4.dll
0x00007fffc33d0000 - 0x00007fffc33f7000 	C:\WINDOWS\SYSTEM32\DEVOBJ.dll
0x00007fffb3430000 - 0x00007fffb34a9000 	C:\WINDOWS\SYSTEM32\inputhost.dll
0x00007fffc12f0000 - 0x00007fffc13ca000 	C:\WINDOWS\SYSTEM32\CoreMessaging.dll
0x00007fffbe5f0000 - 0x00007fffbe73d000 	C:\WINDOWS\SYSTEM32\wintypes.dll
0x00007fffbce50000 - 0x00007fffbd16e000 	C:\WINDOWS\SYSTEM32\CoreUIComponents.dll
0x00007fffc2660000 - 0x00007fffc2691000 	C:\WINDOWS\SYSTEM32\ntmarta.dll
0x00007fffc1900000 - 0x00007fffc1929000 	C:\WINDOWS\SYSTEM32\dwmapi.dll
0x00007fffc68b0000 - 0x00007fffc6a23000 	C:\WINDOWS\System32\MSCTF.dll
0x00007fffc6a30000 - 0x00007fffc6af2000 	C:\WINDOWS\System32\OLEAUT32.dll
0x00007fffc2070000 - 0x00007fffc207c000 	C:\WINDOWS\SYSTEM32\HID.DLL
0x00007fffc4990000 - 0x00007fffc4ddb000 	C:\WINDOWS\System32\SETUPAPI.DLL
0x00007fffc3810000 - 0x00007fffc3867000 	C:\WINDOWS\System32\WINTRUST.dll
0x00007fffc3610000 - 0x00007fffc3622000 	C:\WINDOWS\System32\MSASN1.dll
0x00007fffc4200000 - 0x00007fffc43e2000 	C:\WINDOWS\System32\CRYPT32.dll
0x00007fff9bfc0000 - 0x00007fff9c0e0000 	C:\WINDOWS\SYSTEM32\opengl32.dll
0x00007fffbc670000 - 0x00007fffbc69c000 	C:\WINDOWS\SYSTEM32\GLU32.dll
0x000000006f7c0000 - 0x0000000071f0d000 	C:\WINDOWS\System32\DriverStore\FileRepository\nv_dispi.inf_amd64_4b310b124a4f2d9f\nvoglv64.dll
0x00007fffc7110000 - 0x00007fffc7261000 	C:\WINDOWS\System32\ole32.dll
0x00007fffbf600000 - 0x00007fffbf613000 	C:\WINDOWS\SYSTEM32\WTSAPI32.dll
0x00007fff83010000 - 0x00007fff832c2000 	C:\WINDOWS\system32\nvspcap64.dll
0x00007fffc2700000 - 0x00007fffc2756000 	C:\WINDOWS\SYSTEM32\WINSTA.dll
0x00007fffb3620000 - 0x00007fffb36b6000 	C:\WINDOWS\System32\TextInputFramework.dll
0x00007fff84000000 - 0x00007fff84251000 	C:\Users\naits\AppData\Local\Temp\lwjglNaitsirc98\3.2.2-build-10\jemalloc.dll
0x00007fff9e840000 - 0x00007fff9e898000 	C:\Users\naits\AppData\Local\Temp\lwjglNaitsirc98\3.2.2-build-10\lwjgl_opengl.dll
0x00007fff7de50000 - 0x00007fff7e524000 	C:\Users\naits\AppData\Local\Temp\lwjglNaitsirc98\3.2.2-build-10\assimp.dll
0x00007fff98110000 - 0x00007fff9818f000 	C:\Users\naits\AppData\Local\Temp\lwjglNaitsirc98\3.2.2-build-10\lwjgl_stb.dll
0x00007fffbe230000 - 0x00007fffbe3f9000 	C:\WINDOWS\SYSTEM32\dbghelp.dll

VM Arguments:
jvm_args: -agentlib:jdwp=transport=dt_socket,suspend=y,address=localhost:52895 -javaagent:G:\java-2019-03\eclipse\configuration\org.eclipse.osgi\224\0\.cp\lib\javaagent-shaded.jar -Dfile.encoding=Cp1252 
java_command: learnopengl.p3_model_loading.ModelLoading
java_class_path (initial): G:\Java-Dev\LearnOpenGL-LWJGL3\LearnOpenGL-LWJGL3\bin\default;C:\Users\naits\.gradle\caches\modules-2\files-2.1\ch.qos.logback\logback-classic\1.2.3\7c4f3c474fb2c041d8028740440937705ebb473a\logback-classic-1.2.3.jar;C:\Users\naits\.gradle\caches\modules-2\files-2.1\ch.qos.logback\logback-core\1.2.3\864344400c3d4d92dfeb0a305dc87d953677c03c\logback-core-1.2.3.jar;C:\Users\naits\.gradle\caches\modules-2\files-2.1\org.slf4j\slf4j-api\1.7.25\da76ca59f6a57ee3102f8f9bd9cee742973efa8a\slf4j-api-1.7.25.jar;C:\Users\naits\.gradle\caches\modules-2\files-2.1\org.lwjgl\lwjgl-assimp\3.2.2\d4128312444099cea3c4dbb77f5098d19e340d\lwjgl-assimp-3.2.2.jar;C:\Users\naits\.gradle\caches\modules-2\files-2.1\org.lwjgl\lwjgl-bgfx\3.2.2\9dcb34f1b257957296bbc8d97d683cc163a760fc\lwjgl-bgfx-3.2.2.jar;C:\Users\naits\.gradle\caches\modules-2\files-2.1\org.lwjgl\lwjgl-cuda\3.2.2\dbe29a9f53a243be6430ec592abf3976a61ec830\lwjgl-cuda-3.2.2.jar;C:\Users\naits\.gradle\caches\modules-2\files-2.1\org.lwjgl\lwjgl-egl\3.2.2\da1f6c15a46094982a07e31d3d2a5e6393d8c19a\lwjgl-egl-3.2.2.jar;C:\Users\naits\.gradle\caches\modules-2\files-2.1\org.lwjgl\lwjgl-glfw\3.2.2\d3ad4df38e400b8afba1de63f84338809399df5b\lwjgl-glfw-3.2.2.jar;C:\Users\naits\.gradle\caches\modules-2\files-2.1\org.lwjgl\lwjgl-jawt\3.2.2\91c4c6d84cdda5c78fa5bfdb11c5a7482d755838\lwjgl-jawt-3.2.2.jar;C:\Users\naits\.gradle\caches\modules-2\files-2.1\org.lwjgl\lwjgl-jemalloc\3.2.2\ee8e57a79300f78294576d87c4a587f8c99402e2\lwjgl-jemalloc-3.2.2.jar;C:\Users\naits\.gradle\caches\modules-2\files-2.1\org.lwjgl\lwjgl-libdivide\3.2.2\f434608b9d35c75428b7e5911b9c78768a031463\lwjgl-libdivide-3.2.2.jar;C:\Users\naits\.gradle\caches\modules-2\files-2.1\org.lwjgl\lwjgl-llvm\3.2.2\b10cd956c5ac4d726a73d5217dd3302920ad92d6\lwjgl-llvm-3.2.2.jar;C:\Users\naits\.gradle\caches\modules-2\files-2.1\org.lwjgl\lwjgl-lmdb\3.2.2\19fd54f40d9a36271ff8d1047607edd2a9a6a248\lwjgl-lmdb-3.2.2.jar;C:\Users\naits\.gradle\caches\modules-2\files-2.1\org.lwjgl\
Launcher Type: SUN_STANDARD

Environment Variables:
JAVA_HOME=C:\Program Files\Java\jdk-10.0.2
USERNAME=Naitsirc98
OS=Windows_NT
PROCESSOR_IDENTIFIER=Intel64 Family 6 Model 58 Stepping 9, GenuineIntel



---------------  S Y S T E M  ---------------

OS: Windows 10.0 , 64 bit Build 17134 (10.0.17134.753)

CPU:total 8 (initial active 8) (4 cores per cpu, 2 threads per core) family 6 model 58 stepping 9, cmov, cx8, fxsr, mmx, sse, sse2, sse3, ssse3, sse4.1, sse4.2, popcnt, avx, aes, clmul, erms, ht, tsc, tscinvbit, tscinv

Memory: 4k page, physical 16723532k(8717244k free), swap 19213900k(8807564k free)

vm_info: Java HotSpot(TM) 64-Bit Server VM (25.141-b15) for windows-amd64 JRE (1.8.0_141-b15), built on Jul 12 2017 04:25:12 by "java_re" with MS VC++ 10.0 (VS2010)

time: Sun Sep 01 18:15:06 2019
elapsed time: 35 seconds (0d 0h 0m 35s)

